Determining if the pthread_create exist failed with the following output:
Change Dir: /home/users/neto/NaokiEto/Parallel_Computing_Development/Pthreads_Files_Rectilinear/build/CMakeFiles/CMakeTmp

Run Build Command:/usr/bin/make "cmTryCompileExec673972424/fast"
/usr/bin/make -f CMakeFiles/cmTryCompileExec673972424.dir/build.make CMakeFiles/cmTryCompileExec673972424.dir/build
make[1]: Entering directory `/home/users/neto/NaokiEto/Parallel_Computing_Development/Pthreads_Files_Rectilinear/build/CMakeFiles/CMakeTmp'
/usr/local/bin/cmake -E cmake_progress_report /home/users/neto/NaokiEto/Parallel_Computing_Development/Pthreads_Files_Rectilinear/build/CMakeFiles/CMakeTmp/CMakeFiles 1
Building C object CMakeFiles/cmTryCompileExec673972424.dir/CheckSymbolExists.c.o
/usr/bin/gcc    -o CMakeFiles/cmTryCompileExec673972424.dir/CheckSymbolExists.c.o   -c /home/users/neto/NaokiEto/Parallel_Computing_Development/Pthreads_Files_Rectilinear/build/CMakeFiles/CMakeTmp/CheckSymbolExists.c
Linking C executable cmTryCompileExec673972424
/usr/local/bin/cmake -E cmake_link_script CMakeFiles/cmTryCompileExec673972424.dir/link.txt --verbose=1
/usr/bin/gcc          CMakeFiles/cmTryCompileExec673972424.dir/CheckSymbolExists.c.o  -o cmTryCompileExec673972424 -rdynamic 
CMakeFiles/cmTryCompileExec673972424.dir/CheckSymbolExists.c.o: In function `main':
CheckSymbolExists.c:(.text+0x16): undefined reference to `pthread_create'
collect2: ld returned 1 exit status
make[1]: *** [cmTryCompileExec673972424] Error 1
make[1]: Leaving directory `/home/users/neto/NaokiEto/Parallel_Computing_Development/Pthreads_Files_Rectilinear/build/CMakeFiles/CMakeTmp'
make: *** [cmTryCompileExec673972424/fast] Error 2

File /home/users/neto/NaokiEto/Parallel_Computing_Development/Pthreads_Files_Rectilinear/build/CMakeFiles/CMakeTmp/CheckSymbolExists.c:
/* */
#include <pthread.h>

int main(int argc, char** argv)
{
  (void)argv;
#ifndef pthread_create
  return ((int*)(&pthread_create))[argc];
#else
  (void)argc;
  return 0;
#endif
}

Determining if the function pthread_create exists in the pthreads failed with the following output:
Change Dir: /home/users/neto/NaokiEto/Parallel_Computing_Development/Pthreads_Files_Rectilinear/build/CMakeFiles/CMakeTmp

Run Build Command:/usr/bin/make "cmTryCompileExec1689757174/fast"
/usr/bin/make -f CMakeFiles/cmTryCompileExec1689757174.dir/build.make CMakeFiles/cmTryCompileExec1689757174.dir/build
make[1]: Entering directory `/home/users/neto/NaokiEto/Parallel_Computing_Development/Pthreads_Files_Rectilinear/build/CMakeFiles/CMakeTmp'
/usr/local/bin/cmake -E cmake_progress_report /home/users/neto/NaokiEto/Parallel_Computing_Development/Pthreads_Files_Rectilinear/build/CMakeFiles/CMakeTmp/CMakeFiles 1
Building C object CMakeFiles/cmTryCompileExec1689757174.dir/CheckFunctionExists.c.o
/usr/bin/gcc   -DCHECK_FUNCTION_EXISTS=pthread_create   -o CMakeFiles/cmTryCompileExec1689757174.dir/CheckFunctionExists.c.o   -c /usr/local/share/cmake-2.8/Modules/CheckFunctionExists.c
Linking C executable cmTryCompileExec1689757174
/usr/local/bin/cmake -E cmake_link_script CMakeFiles/cmTryCompileExec1689757174.dir/link.txt --verbose=1
/usr/bin/gcc      -DCHECK_FUNCTION_EXISTS=pthread_create    CMakeFiles/cmTryCompileExec1689757174.dir/CheckFunctionExists.c.o  -o cmTryCompileExec1689757174 -rdynamic -lpthreads 
/usr/bin/ld: cannot find -lpthreads
collect2: ld returned 1 exit status
make[1]: *** [cmTryCompileExec1689757174] Error 1
make[1]: Leaving directory `/home/users/neto/NaokiEto/Parallel_Computing_Development/Pthreads_Files_Rectilinear/build/CMakeFiles/CMakeTmp'
make: *** [cmTryCompileExec1689757174/fast] Error 2


