Determining if the pthread_create exist failed with the following output:
Change Dir: /home/users/neto/NaokiEto/Parallel_Computing_Development/Pthreads_No_Files_Rectilinear/build/CMakeFiles/CMakeTmp

Run Build Command:/usr/bin/make "cmTryCompileExec3051065233/fast"
/usr/bin/make -f CMakeFiles/cmTryCompileExec3051065233.dir/build.make CMakeFiles/cmTryCompileExec3051065233.dir/build
make[1]: Entering directory `/home/users/neto/NaokiEto/Parallel_Computing_Development/Pthreads_No_Files_Rectilinear/build/CMakeFiles/CMakeTmp'
/usr/local/bin/cmake -E cmake_progress_report /home/users/neto/NaokiEto/Parallel_Computing_Development/Pthreads_No_Files_Rectilinear/build/CMakeFiles/CMakeTmp/CMakeFiles 1
Building C object CMakeFiles/cmTryCompileExec3051065233.dir/CheckSymbolExists.c.o
/usr/bin/gcc    -o CMakeFiles/cmTryCompileExec3051065233.dir/CheckSymbolExists.c.o   -c /home/users/neto/NaokiEto/Parallel_Computing_Development/Pthreads_No_Files_Rectilinear/build/CMakeFiles/CMakeTmp/CheckSymbolExists.c
Linking C executable cmTryCompileExec3051065233
/usr/local/bin/cmake -E cmake_link_script CMakeFiles/cmTryCompileExec3051065233.dir/link.txt --verbose=1
/usr/bin/gcc          CMakeFiles/cmTryCompileExec3051065233.dir/CheckSymbolExists.c.o  -o cmTryCompileExec3051065233 -rdynamic 
CMakeFiles/cmTryCompileExec3051065233.dir/CheckSymbolExists.c.o: In function `main':
CheckSymbolExists.c:(.text+0x16): undefined reference to `pthread_create'
collect2: ld returned 1 exit status
make[1]: Leaving directory `/home/users/neto/NaokiEto/Parallel_Computing_Development/Pthreads_No_Files_Rectilinear/build/CMakeFiles/CMakeTmp'
make[1]: *** [cmTryCompileExec3051065233] Error 1
make: *** [cmTryCompileExec3051065233/fast] Error 2

File /home/users/neto/NaokiEto/Parallel_Computing_Development/Pthreads_No_Files_Rectilinear/build/CMakeFiles/CMakeTmp/CheckSymbolExists.c:
/* */
#include <pthread.h>

int main(int argc, char** argv)
{
  (void)argv;
#ifndef pthread_create
  return ((int*)(&pthread_create))[argc];
#else
  (void)argc;
  return 0;
#endif
}

Determining if the function pthread_create exists in the pthreads failed with the following output:
Change Dir: /home/users/neto/NaokiEto/Parallel_Computing_Development/Pthreads_No_Files_Rectilinear/build/CMakeFiles/CMakeTmp

Run Build Command:/usr/bin/make "cmTryCompileExec443638463/fast"
/usr/bin/make -f CMakeFiles/cmTryCompileExec443638463.dir/build.make CMakeFiles/cmTryCompileExec443638463.dir/build
make[1]: Entering directory `/home/users/neto/NaokiEto/Parallel_Computing_Development/Pthreads_No_Files_Rectilinear/build/CMakeFiles/CMakeTmp'
/usr/local/bin/cmake -E cmake_progress_report /home/users/neto/NaokiEto/Parallel_Computing_Development/Pthreads_No_Files_Rectilinear/build/CMakeFiles/CMakeTmp/CMakeFiles 1
Building C object CMakeFiles/cmTryCompileExec443638463.dir/CheckFunctionExists.c.o
/usr/bin/gcc   -DCHECK_FUNCTION_EXISTS=pthread_create   -o CMakeFiles/cmTryCompileExec443638463.dir/CheckFunctionExists.c.o   -c /usr/local/share/cmake-2.8/Modules/CheckFunctionExists.c
Linking C executable cmTryCompileExec443638463
/usr/local/bin/cmake -E cmake_link_script CMakeFiles/cmTryCompileExec443638463.dir/link.txt --verbose=1
/usr/bin/gcc      -DCHECK_FUNCTION_EXISTS=pthread_create    CMakeFiles/cmTryCompileExec443638463.dir/CheckFunctionExists.c.o  -o cmTryCompileExec443638463 -rdynamic -lpthreads 
/usr/bin/ld: cannot find -lpthreads
collect2: ld returned 1 exit status
make[1]: Leaving directory `/home/users/neto/NaokiEto/Parallel_Computing_Development/Pthreads_No_Files_Rectilinear/build/CMakeFiles/CMakeTmp'
make[1]: *** [cmTryCompileExec443638463] Error 1
make: *** [cmTryCompileExec443638463/fast] Error 2


